<?xml version="1.0" encoding="UTF-8"?>
<!-- Generated by org.testng.reporters.JUnitXMLReporter -->
<testsuite ignored="0" hostname="LPFKOL015150" failures="0" tests="3" name="Default test" time="7.378" errors="0" timestamp="2025-01-12T15:20:29 IST">
  <testcase classname="Test.HomePageTest" name="verifyPageTitle" time="0.016"/>
  <testcase classname="Test.HomePageTest" name="verifyDisplayText" time="0.032"/>
  <testcase classname="Test.HomePageTest" name="doLogin" time="2.119"/>
</testsuite> <!-- Default test -->
