<?xml version="1.0" encoding="UTF-8"?>
<!-- Generated by org.testng.reporters.JUnitXMLReporter -->
<testsuite ignored="0" hostname="LPFKOL015150" failures="0" tests="3" name="PlaywrightDemoTest1" time="13.244" errors="0" timestamp="2025-01-13T22:48:25 IST">
  <testcase classname="Test.HomePageTest" name="verifyPageTitle" time="0.01"/>
  <testcase classname="Test.HomePageTest" name="verifyDisplayText" time="0.025"/>
  <testcase classname="Test.HomePageTest" name="navigateToLoginPage" time="6.099"/>
</testsuite> <!-- PlaywrightDemoTest1 -->
