<?xml version="1.0" encoding="UTF-8"?>
<!-- Generated by org.testng.reporters.JUnitXMLReporter -->
<testsuite ignored="0" hostname="LPFKOL015150" failures="0" tests="3" name="Playwright Home Page Test" time="9.702" errors="0" timestamp="2025-01-18T14:23:03 IST">
  <testcase classname="Test.HomePageTest" name="verifyPageTitle" time="0.017"/>
  <testcase classname="Test.HomePageTest" name="verifyDisplayText" time="0.063"/>
  <testcase classname="Test.HomePageTest" name="navigateToLoginPage" time="3.036"/>
</testsuite> <!-- Playwright Home Page Test -->
