<?xml version="1.0" encoding="UTF-8"?>
<!-- Generated by org.testng.reporters.JUnitXMLReporter -->
<testsuite ignored="0" hostname="LPFKOL015150" failures="0" tests="3" name="Playwright Home Page Test" time="20.275" errors="0" timestamp="2025-01-16T20:39:46 IST">
  <testcase classname="Test.HomePageTest" name="verifyPageTitle" time="0.044"/>
  <testcase classname="Test.HomePageTest" name="verifyDisplayText" time="0.325"/>
  <testcase classname="Test.HomePageTest" name="navigateToLoginPage" time="2.572"/>
</testsuite> <!-- Playwright Home Page Test -->
