<?xml version="1.0" encoding="UTF-8"?>
<testng-results ignored="0" total="5" passed="5" failed="0" skipped="0">
  <reporter-output>
  </reporter-output>
  <suite started-at="2025-01-16T20:39:26 IST" name="PlaywrightWithJavaDemoTesting" finished-at="2025-01-16T20:39:46 IST" duration-ms="20275">
    <groups>
    </groups>
    <test started-at="2025-01-16T20:39:26 IST" name="Playwright Login Page Test" finished-at="2025-01-16T20:39:44 IST" duration-ms="18782">
      <class name="Test.loginPageTest">
        <test-method is-config="true" signature="setUp()[pri:0, instance:Test.loginPageTest@7334aada]" started-at="2025-01-16T20:39:26 IST" name="setUp" finished-at="2025-01-16T20:39:41 IST" duration-ms="15090" status="PASS">
          <reporter-output>
          </reporter-output>
        </test-method> <!-- setUp -->
        <test-method signature="checkNavigationStatus()[pri:1, instance:Test.loginPageTest@7334aada]" started-at="2025-01-16T20:39:41 IST" name="checkNavigationStatus" finished-at="2025-01-16T20:39:42 IST" duration-ms="1389" status="PASS">
          <reporter-output>
          </reporter-output>
        </test-method> <!-- checkNavigationStatus -->
        <test-method signature="checkIncorrectLogin()[pri:2, instance:Test.loginPageTest@7334aada]" started-at="2025-01-16T20:39:42 IST" name="checkIncorrectLogin" finished-at="2025-01-16T20:39:43 IST" duration-ms="613" status="PASS">
          <reporter-output>
          </reporter-output>
        </test-method> <!-- checkIncorrectLogin -->
        <test-method is-config="true" signature="tearDown()[pri:0, instance:Test.loginPageTest@7334aada]" started-at="2025-01-16T20:39:43 IST" name="tearDown" finished-at="2025-01-16T20:39:44 IST" duration-ms="1588" status="PASS">
          <reporter-output>
          </reporter-output>
        </test-method> <!-- tearDown -->
      </class> <!-- Test.loginPageTest -->
    </test> <!-- Playwright Login Page Test -->
    <test started-at="2025-01-16T20:39:26 IST" name="Playwright Home Page Test" finished-at="2025-01-16T20:39:46 IST" duration-ms="20275">
      <class name="Test.HomePageTest">
        <test-method is-config="true" signature="setUp()[pri:0, instance:Test.HomePageTest@30ee2816]" started-at="2025-01-16T20:39:26 IST" name="setUp" finished-at="2025-01-16T20:39:41 IST" duration-ms="15290" status="PASS">
          <reporter-output>
          </reporter-output>
        </test-method> <!-- setUp -->
        <test-method signature="verifyPageTitle()[pri:1, instance:Test.HomePageTest@30ee2816]" started-at="2025-01-16T20:39:41 IST" name="verifyPageTitle" finished-at="2025-01-16T20:39:41 IST" duration-ms="44" status="PASS">
          <reporter-output>
          </reporter-output>
        </test-method> <!-- verifyPageTitle -->
        <test-method signature="verifyDisplayText()[pri:2, instance:Test.HomePageTest@30ee2816]" started-at="2025-01-16T20:39:41 IST" name="verifyDisplayText" finished-at="2025-01-16T20:39:41 IST" duration-ms="325" status="PASS">
          <reporter-output>
          </reporter-output>
        </test-method> <!-- verifyDisplayText -->
        <test-method signature="navigateToLoginPage()[pri:3, instance:Test.HomePageTest@30ee2816]" started-at="2025-01-16T20:39:41 IST" name="navigateToLoginPage" finished-at="2025-01-16T20:39:44 IST" duration-ms="2572" status="PASS">
          <reporter-output>
          </reporter-output>
        </test-method> <!-- navigateToLoginPage -->
        <test-method is-config="true" signature="tearDown()[pri:0, instance:Test.HomePageTest@30ee2816]" started-at="2025-01-16T20:39:44 IST" name="tearDown" finished-at="2025-01-16T20:39:46 IST" duration-ms="1992" status="PASS">
          <reporter-output>
          </reporter-output>
        </test-method> <!-- tearDown -->
      </class> <!-- Test.HomePageTest -->
    </test> <!-- Playwright Home Page Test -->
  </suite> <!-- PlaywrightWithJavaDemoTesting -->
</testng-results>
