<?xml version="1.0" encoding="UTF-8"?>
<testng-results ignored="0" total="5" passed="5" failed="0" skipped="0">
  <reporter-output>
  </reporter-output>
  <suite started-at="2025-01-18T15:16:04 IST" name="PlaywrightWithJavaDemoTesting" finished-at="2025-01-18T15:16:14 IST" duration-ms="10543">
    <groups>
    </groups>
    <test started-at="2025-01-18T15:16:04 IST" name="Playwright Home Page Test" finished-at="2025-01-18T15:16:14 IST" duration-ms="9973">
      <class name="Test.HomePageTest">
        <test-method is-config="true" signature="setUp()[pri:0, instance:Test.HomePageTest@61230f6a]" started-at="2025-01-18T15:16:04 IST" name="setUp" finished-at="2025-01-18T15:16:12 IST" duration-ms="8082" status="PASS">
          <reporter-output>
          </reporter-output>
        </test-method> <!-- setUp -->
        <test-method signature="verifyPageTitle()[pri:1, instance:Test.HomePageTest@61230f6a]" started-at="2025-01-18T15:16:12 IST" name="verifyPageTitle" finished-at="2025-01-18T15:16:12 IST" duration-ms="31" status="PASS">
          <reporter-output>
          </reporter-output>
        </test-method> <!-- verifyPageTitle -->
        <test-method signature="verifyDisplayText()[pri:2, instance:Test.HomePageTest@61230f6a]" started-at="2025-01-18T15:16:12 IST" name="verifyDisplayText" finished-at="2025-01-18T15:16:12 IST" duration-ms="57" status="PASS">
          <reporter-output>
          </reporter-output>
        </test-method> <!-- verifyDisplayText -->
        <test-method signature="navigateToLoginPage()[pri:3, instance:Test.HomePageTest@61230f6a]" started-at="2025-01-18T15:16:12 IST" name="navigateToLoginPage" finished-at="2025-01-18T15:16:13 IST" duration-ms="779" status="PASS">
          <reporter-output>
          </reporter-output>
        </test-method> <!-- navigateToLoginPage -->
        <test-method is-config="true" signature="tearDown()[pri:0, instance:Test.HomePageTest@61230f6a]" started-at="2025-01-18T15:16:13 IST" name="tearDown" finished-at="2025-01-18T15:16:14 IST" duration-ms="985" status="PASS">
          <reporter-output>
          </reporter-output>
        </test-method> <!-- tearDown -->
      </class> <!-- Test.HomePageTest -->
    </test> <!-- Playwright Home Page Test -->
    <test started-at="2025-01-18T15:16:04 IST" name="Playwright Login Page Test" finished-at="2025-01-18T15:16:14 IST" duration-ms="10543">
      <class name="Test.loginPageTest">
        <test-method is-config="true" signature="setUp()[pri:0, instance:Test.loginPageTest@7ed7259e]" started-at="2025-01-18T15:16:04 IST" name="setUp" finished-at="2025-01-18T15:16:12 IST" duration-ms="8056" status="PASS">
          <reporter-output>
          </reporter-output>
        </test-method> <!-- setUp -->
        <test-method signature="checkNavigationStatus()[pri:1, instance:Test.loginPageTest@7ed7259e]" started-at="2025-01-18T15:16:12 IST" name="checkNavigationStatus" finished-at="2025-01-18T15:16:13 IST" duration-ms="965" status="PASS">
          <reporter-output>
          </reporter-output>
        </test-method> <!-- checkNavigationStatus -->
        <test-method signature="checkIncorrectLogin()[pri:2, instance:Test.loginPageTest@7ed7259e]" started-at="2025-01-18T15:16:13 IST" name="checkIncorrectLogin" finished-at="2025-01-18T15:16:13 IST" duration-ms="517" status="PASS">
          <reporter-output>
          </reporter-output>
        </test-method> <!-- checkIncorrectLogin -->
        <test-method is-config="true" signature="tearDown()[pri:0, instance:Test.loginPageTest@7ed7259e]" started-at="2025-01-18T15:16:13 IST" name="tearDown" finished-at="2025-01-18T15:16:14 IST" duration-ms="963" status="PASS">
          <reporter-output>
          </reporter-output>
        </test-method> <!-- tearDown -->
      </class> <!-- Test.loginPageTest -->
    </test> <!-- Playwright Login Page Test -->
  </suite> <!-- PlaywrightWithJavaDemoTesting -->
</testng-results>
