<?xml version="1.0" encoding="UTF-8"?>
<testng-results ignored="0" total="5" passed="5" failed="0" skipped="0">
  <reporter-output>
  </reporter-output>
  <suite started-at="2025-01-13T22:51:58 IST" name="PlaywrightWithJavaDemotesting" finished-at="2025-01-13T22:52:05 IST" duration-ms="6635">
    <groups>
    </groups>
    <test started-at="2025-01-13T22:51:58 IST" name="Playwright Home Page Test" finished-at="2025-01-13T22:52:04 IST" duration-ms="5687">
      <class name="Test.HomePageTest">
        <test-method is-config="true" signature="setUp()[pri:0, instance:Test.HomePageTest@5876a9af]" started-at="2025-01-13T22:51:58 IST" name="setUp" finished-at="2025-01-13T22:52:03 IST" duration-ms="4533" status="PASS">
          <reporter-output>
          </reporter-output>
        </test-method> <!-- setUp -->
        <test-method signature="verifyPageTitle()[pri:1, instance:Test.HomePageTest@5876a9af]" started-at="2025-01-13T22:52:03 IST" name="verifyPageTitle" finished-at="2025-01-13T22:52:03 IST" duration-ms="15" status="PASS">
          <reporter-output>
          </reporter-output>
        </test-method> <!-- verifyPageTitle -->
        <test-method signature="verifyDisplayText()[pri:2, instance:Test.HomePageTest@5876a9af]" started-at="2025-01-13T22:52:03 IST" name="verifyDisplayText" finished-at="2025-01-13T22:52:03 IST" duration-ms="34" status="PASS">
          <reporter-output>
          </reporter-output>
        </test-method> <!-- verifyDisplayText -->
        <test-method signature="navigateToLoginPage()[pri:3, instance:Test.HomePageTest@5876a9af]" started-at="2025-01-13T22:52:03 IST" name="navigateToLoginPage" finished-at="2025-01-13T22:52:04 IST" duration-ms="741" status="PASS">
          <reporter-output>
          </reporter-output>
        </test-method> <!-- navigateToLoginPage -->
        <test-method is-config="true" signature="tearDown()[pri:0, instance:Test.HomePageTest@5876a9af]" started-at="2025-01-13T22:52:04 IST" name="tearDown" finished-at="2025-01-13T22:52:04 IST" duration-ms="309" status="PASS">
          <reporter-output>
          </reporter-output>
        </test-method> <!-- tearDown -->
      </class> <!-- Test.HomePageTest -->
    </test> <!-- Playwright Home Page Test -->
    <test started-at="2025-01-13T22:51:58 IST" name="Playwright Login Page Test" finished-at="2025-01-13T22:52:05 IST" duration-ms="6635">
      <class name="Test.loginPageTest">
        <test-method is-config="true" signature="setUp()[pri:0, instance:Test.loginPageTest@351d00c0]" started-at="2025-01-13T22:51:58 IST" name="setUp" finished-at="2025-01-13T22:52:03 IST" duration-ms="4758" status="PASS">
          <reporter-output>
          </reporter-output>
        </test-method> <!-- setUp -->
        <test-method signature="checkNavigationStatus()[pri:1, instance:Test.loginPageTest@351d00c0]" started-at="2025-01-13T22:52:03 IST" name="checkNavigationStatus" finished-at="2025-01-13T22:52:04 IST" duration-ms="705" status="PASS">
          <reporter-output>
          </reporter-output>
        </test-method> <!-- checkNavigationStatus -->
        <test-method signature="checkLogin()[pri:2, instance:Test.loginPageTest@351d00c0]" started-at="2025-01-13T22:52:04 IST" name="checkLogin" finished-at="2025-01-13T22:52:05 IST" duration-ms="716" status="PASS">
          <reporter-output>
          </reporter-output>
        </test-method> <!-- checkLogin -->
        <test-method is-config="true" signature="tearDown()[pri:0, instance:Test.loginPageTest@351d00c0]" started-at="2025-01-13T22:52:05 IST" name="tearDown" finished-at="2025-01-13T22:52:05 IST" duration-ms="438" status="PASS">
          <reporter-output>
          </reporter-output>
        </test-method> <!-- tearDown -->
      </class> <!-- Test.loginPageTest -->
    </test> <!-- Playwright Login Page Test -->
  </suite> <!-- PlaywrightWithJavaDemotesting -->
</testng-results>
