<?xml version="1.0" encoding="UTF-8"?>
<testng-results ignored="0" total="3" passed="3" failed="0" skipped="0">
  <reporter-output>
  </reporter-output>
  <suite started-at="2025-01-12T15:20:21 IST" name="Default suite" finished-at="2025-01-12T15:20:29 IST" duration-ms="7378">
    <groups>
    </groups>
    <test started-at="2025-01-12T15:20:21 IST" name="Default test" finished-at="2025-01-12T15:20:29 IST" duration-ms="7378">
      <class name="Test.HomePageTest">
        <test-method is-config="true" signature="setUp()[pri:0, instance:Test.HomePageTest@5876a9af]" started-at="2025-01-12T15:20:21 IST" name="setUp" finished-at="2025-01-12T15:20:26 IST" duration-ms="4891" status="PASS">
          <reporter-output>
          </reporter-output>
        </test-method> <!-- setUp -->
        <test-method signature="verifyPageTitle()[pri:1, instance:Test.HomePageTest@5876a9af]" started-at="2025-01-12T15:20:26 IST" name="verifyPageTitle" finished-at="2025-01-12T15:20:26 IST" duration-ms="16" status="PASS">
          <reporter-output>
          </reporter-output>
        </test-method> <!-- verifyPageTitle -->
        <test-method signature="verifyDisplayText()[pri:2, instance:Test.HomePageTest@5876a9af]" started-at="2025-01-12T15:20:26 IST" name="verifyDisplayText" finished-at="2025-01-12T15:20:26 IST" duration-ms="32" status="PASS">
          <reporter-output>
          </reporter-output>
        </test-method> <!-- verifyDisplayText -->
        <test-method signature="doLogin()[pri:3, instance:Test.HomePageTest@5876a9af]" started-at="2025-01-12T15:20:26 IST" name="doLogin" finished-at="2025-01-12T15:20:28 IST" duration-ms="2119" status="PASS">
          <reporter-output>
          </reporter-output>
        </test-method> <!-- doLogin -->
        <test-method is-config="true" signature="tearDown()[pri:0, instance:Test.HomePageTest@5876a9af]" started-at="2025-01-12T15:20:28 IST" name="tearDown" finished-at="2025-01-12T15:20:29 IST" duration-ms="279" status="PASS">
          <reporter-output>
          </reporter-output>
        </test-method> <!-- tearDown -->
      </class> <!-- Test.HomePageTest -->
    </test> <!-- Default test -->
  </suite> <!-- Default suite -->
</testng-results>
