<?xml version="1.0" encoding="UTF-8"?>
<!-- Generated by org.testng.reporters.JUnitXMLReporter -->
<testsuite ignored="0" hostname="LPFKOL015150" failures="0" tests="3" name="Playwright Home Page Test" time="5.687" errors="0" timestamp="2025-01-13T22:52:04 IST">
  <testcase classname="Test.HomePageTest" name="verifyPageTitle" time="0.015"/>
  <testcase classname="Test.HomePageTest" name="verifyDisplayText" time="0.034"/>
  <testcase classname="Test.HomePageTest" name="navigateToLoginPage" time="0.741"/>
</testsuite> <!-- Playwright Home Page Test -->
