<?xml version="1.0" encoding="UTF-8"?>
<!-- Generated by org.testng.reporters.JUnitXMLReporter -->
<testsuite ignored="0" hostname="LPFKOL015150" failures="0" tests="3" name="PlaywrightDemoTest1" time="5.796" errors="0" timestamp="2025-01-13T22:51:01 IST">
  <testcase classname="Test.HomePageTest" name="verifyPageTitle" time="0.013"/>
  <testcase classname="Test.HomePageTest" name="verifyDisplayText" time="0.031"/>
  <testcase classname="Test.HomePageTest" name="navigateToLoginPage" time="0.669"/>
</testsuite> <!-- PlaywrightDemoTest1 -->
